<?xml version="1.0" encoding="UTF-8"?>
<testng-results ignored="0" total="1" passed="1" failed="0" skipped="0">
  <reporter-output>
  </reporter-output>
  <suite started-at="2021-05-29T15:36:55 IST" name="Default suite" finished-at="2021-05-29T15:37:58 IST" duration-ms="62690">
    <groups>
    </groups>
    <test started-at="2021-05-29T15:36:55 IST" name="Default test" finished-at="2021-05-29T15:37:58 IST" duration-ms="62690">
      <class name="com.Test1.OpenBrowser">
        <test-method is-config="true" signature="invokeBrowser()[pri:0, instance:com.Test1.OpenBrowser@c333c60]" started-at="2021-05-29T15:36:55 IST" name="invokeBrowser" finished-at="2021-05-29T15:37:48 IST" duration-ms="53491" status="PASS">
          <reporter-output>
          </reporter-output>
        </test-method> <!-- invokeBrowser -->
        <test-method signature="setChromePath()[pri:0, instance:com.Test1.OpenBrowser@c333c60]" started-at="2021-05-29T15:37:48 IST" name="setChromePath" finished-at="2021-05-29T15:37:56 IST" duration-ms="7522" status="PASS">
          <reporter-output>
          </reporter-output>
        </test-method> <!-- setChromePath -->
        <test-method is-config="true" signature="releaseBrowser()[pri:0, instance:com.Test1.OpenBrowser@c333c60]" started-at="2021-05-29T15:37:56 IST" name="releaseBrowser" finished-at="2021-05-29T15:37:58 IST" duration-ms="1625" status="PASS">
          <reporter-output>
          </reporter-output>
        </test-method> <!-- releaseBrowser -->
      </class> <!-- com.Test1.OpenBrowser -->
    </test> <!-- Default test -->
  </suite> <!-- Default suite -->
</testng-results>
